TravelApps/app/build/intermediates/manifest_merge_blame_file/debug/manifest-merger-blame-debug-report.txt
1<?xml version="1.0" encoding="utf-8"?>
2<manifest xmlns:android="http://schemas.android.com/apk/res/android"
3    package="com.azhar.travel"
4    android:versionCode="1"
5    android:versionName="1.0" >
6
7    <uses-sdk
8        android:minSdkVersion="21"
9        android:targetSdkVersion="29" />
10
11    <application
11-->src\main\AndroidManifest.xml:6:5-42:19
12        android:allowBackup="true"
12-->src\main\AndroidManifest.xml:7:9-35
13        android:appComponentFactory="androidx.core.app.CoreComponentFactory"
13-->[androidx.core:core:1.1.0] AndroidManifest.xml:24:18-86
14        android:debuggable="true"
15        android:extractNativeLibs="true"
16        android:icon="@mipmap/ic_launcher"
16-->src\main\AndroidManifest.xml:8:9-43
17        android:label="@string/app_name"
17-->src\main\AndroidManifest.xml:9:9-41
18        android:roundIcon="@mipmap/ic_launcher_round"
18-->src\main\AndroidManifest.xml:10:9-54
19        android:supportsRtl="true"
19-->src\main\AndroidManifest.xml:11:9-35
20        android:testOnly="true"
21        android:theme="@style/AppTheme" >
21-->src\main\AndroidManifest.xml:12:9-40
22        <activity
22-->src\main\AndroidManifest.xml:14:9-22:20
23            android:name="com.azhar.travel.activity.MainActivity"
23-->src\main\AndroidManifest.xml:15:13-50
24            android:screenOrientation="portrait" >
24-->src\main\AndroidManifest.xml:16:13-49
25            <intent-filter>
25-->src\main\AndroidManifest.xml:17:13-21:29
26                <action android:name="android.intent.action.MAIN" />
26-->src\main\AndroidManifest.xml:18:17-69
26-->src\main\AndroidManifest.xml:18:25-66
27
28                <category android:name="android.intent.category.LAUNCHER" />
28-->src\main\AndroidManifest.xml:20:17-77
28-->src\main\AndroidManifest.xml:20:27-74
29            </intent-filter>
30        </activity>
31        <activity
31-->src\main\AndroidManifest.xml:23:9-27:55
32            android:name="com.azhar.travel.activity.LoginActivity"
32-->src\main\AndroidManifest.xml:24:13-51
33            android:configChanges="keyboardHidden|orientation|screenSize"
33-->src\main\AndroidManifest.xml:25:13-74
34            android:screenOrientation="portrait"
34-->src\main\AndroidManifest.xml:26:13-49
35            android:windowSoftInputMode="adjustPan" />
35-->src\main\AndroidManifest.xml:27:13-52
36        <activity
36-->src\main\AndroidManifest.xml:28:9-32:55
37            android:name="com.azhar.travel.activity.RegisterActivity"
37-->src\main\AndroidManifest.xml:29:13-54
38            android:configChanges="keyboardHidden|orientation|screenSize"
38-->src\main\AndroidManifest.xml:30:13-74
39            android:screenOrientation="portrait"
39-->src\main\AndroidManifest.xml:31:13-49
40            android:windowSoftInputMode="adjustPan" />
40-->src\main\AndroidManifest.xml:32:13-52
41        <activity
41-->src\main\AndroidManifest.xml:33:9-35:52
42            android:name="com.azhar.travel.activity.ProfileActivity"
42-->src\main\AndroidManifest.xml:34:13-53
43            android:screenOrientation="portrait" />
43-->src\main\AndroidManifest.xml:35:13-49
44        <activity
44-->src\main\AndroidManifest.xml:36:9-38:52
45            android:name="com.azhar.travel.activity.HistoryActivity"
45-->src\main\AndroidManifest.xml:37:13-53
46            android:screenOrientation="portrait" />
46-->src\main\AndroidManifest.xml:38:13-49
47        <activity
47-->src\main\AndroidManifest.xml:39:9-41:52
48            android:name="com.azhar.travel.activity.BookKeretaActivity"
48-->src\main\AndroidManifest.xml:40:13-56
49            android:screenOrientation="portrait" />
49-->src\main\AndroidManifest.xml:41:13-49
50    </application>
51
52</manifest>